<?xml version="1.0" encoding="UTF-8"?>
<!-- Generated by org.testng.reporters.JUnitReportReporter -->
<testsuite hostname="DESKTOP-LVTVGOH" failures="0" tests="1" name="com.via.tests.Tc_01_ViaFlightBookingValidation" time="135.111" errors="0" timestamp="2021-10-21T00:08:41 IST" skipped="0">
  <testcase classname="com.via.tests.Tc_01_ViaFlightBookingValidation" name="f" time="135.111"/>
  <system-out/>
</testsuite> <!-- com.via.tests.Tc_01_ViaFlightBookingValidation -->
